service4/build/intermediates/manifest_merge_blame_file/debug/manifest-merger-blame-debug-report.txt
1<?xml version="1.0" encoding="utf-8"?>
2<manifest xmlns:android="http://schemas.android.com/apk/res/android"
3    package="no.hin.dt.service4"
4    android:versionCode="1"
5    android:versionName="1.0" >
6
7    <uses-sdk
8        android:minSdkVersion="26"
8-->src\main\AndroidManifest.xml
9        android:targetSdkVersion="30" />
9-->src\main\AndroidManifest.xml
10
11    <uses-permission android:name="android.permission.FOREGROUND_SERVICE" />
11-->src\main\AndroidManifest.xml:7:5-76
11-->src\main\AndroidManifest.xml:7:22-74
12
13    <application
13-->src\main\AndroidManifest.xml:9:5-29:19
14        android:appComponentFactory="androidx.core.app.CoreComponentFactory"
14-->[androidx.core:core:1.3.1] AndroidManifest.xml:24:18-86
15        android:debuggable="true"
16        android:extractNativeLibs="false"
17        android:icon="@drawable/icon"
17-->src\main\AndroidManifest.xml:10:9-38
18        android:label="@string/app_name"
18-->src\main\AndroidManifest.xml:11:9-41
19        android:theme="@style/AppTheme" >
19-->src\main\AndroidManifest.xml:12:9-40
20        <activity
20-->src\main\AndroidManifest.xml:14:9-20:20
21            android:name="dt.hin.no.MyActivity"
21-->src\main\AndroidManifest.xml:14:19-45
22            android:label="@string/app_name" >
22-->src\main\AndroidManifest.xml:15:19-51
23            <intent-filter>
23-->src\main\AndroidManifest.xml:16:13-19:29
24                <action android:name="android.intent.action.MAIN" />
24-->src\main\AndroidManifest.xml:17:17-69
24-->src\main\AndroidManifest.xml:17:25-66
25
26                <category android:name="android.intent.category.LAUNCHER" />
26-->src\main\AndroidManifest.xml:18:17-77
26-->src\main\AndroidManifest.xml:18:27-74
27            </intent-filter>
28        </activity>
29
30        <!-- Få med permission pga. bruk av JobIntentService -->
31        <service
31-->src\main\AndroidManifest.xml:23:9-28:19
32            android:name="dt.hin.no.MyJobIntentService"
32-->src\main\AndroidManifest.xml:25:13-47
33            android:enabled="true"
33-->src\main\AndroidManifest.xml:24:13-35
34            android:permission="android.permission.BIND_JOB_SERVICE" >
34-->src\main\AndroidManifest.xml:26:13-69
35        </service>
36    </application>
37
38</manifest>